app/build/outputs/mapping/release/seeds.txt
com.neerly.mobile.data.dto.VendorOrderItem
com.neerly.mobile.data.dto.CreateSubscriptionRequestJsonAdapter
com.neerly.mobile.data.dto.DevSendOtpRequest
com.neerly.mobile.data.dto.DispatchOrderRequest
com.neerly.mobile.data.dto.DepositResponseJsonAdapter
com.neerly.mobile.data.dto.TogglePauseRequest
com.neerly.mobile.data.dto.EventItemInput
com.neerly.mobile.data.dto.CapturePaymentRequestJsonAdapter
com.neerly.mobile.data.dto.VendorCardResponse
com.neerly.mobile.data.dto.VendorTodaySummaryJsonAdapter
com.neerly.mobile.data.dto.LogoutRequest
com.neerly.mobile.data.dto.AppendComplaintMessageRequestJsonAdapter
com.neerly.mobile.data.dto.TokenPairJsonAdapter
com.neerly.mobile.data.dto.PlaceOrderRequestJsonAdapter
com.neerly.mobile.data.dto.SkipSubscriptionRequestJsonAdapter
com.neerly.mobile.data.dto.DevSendOtpResponse
com.neerly.mobile.data.dto.ReplaceVendorHoursRequestJsonAdapter
com.neerly.mobile.data.dto.CreateEventBookingRequest
com.neerly.mobile.data.dto.ReturnResponseJsonAdapter
com.neerly.mobile.data.dto.FileComplaintRequest
com.neerly.mobile.data.dto.UpdateAddressRequest
com.neerly.mobile.data.dto.DriverAssignmentJsonAdapter
com.neerly.mobile.NeerlyApp
com.neerly.mobile.data.dto.QuotePromoRequest
com.neerly.mobile.data.dto.VendorHoursRowJsonAdapter
com.neerly.mobile.MainActivity
com.neerly.mobile.data.dto.LogoutRequestJsonAdapter
com.neerly.mobile.data.dto.ReturnResponse
com.neerly.mobile.data.dto.DepositResponse
com.neerly.mobile.data.dto.AddVendorHolidayRequest
com.neerly.mobile.data.dto.NotificationResponseJsonAdapter
com.neerly.mobile.data.dto.CreateReviewRequest
com.neerly.mobile.push.NeerlyMessagingService_GeneratedInjector
com.neerly.mobile.data.dto.OrderItemRequest
com.neerly.mobile.data.dto.ComplaintResponseJsonAdapter
com.neerly.mobile.data.dto.DriverShiftResponseJsonAdapter
com.neerly.mobile.data.dto.WalletTopupRequest
com.neerly.mobile.data.dto.PlaceOrderRequest
com.neerly.mobile.data.dto.PaymentSnapshotJsonAdapter
com.neerly.mobile.data.dto.CreateAddressRequestJsonAdapter
com.neerly.mobile.data.dto.ReviewVendorReply
com.neerly.mobile.data.dto.PresignResponse
com.neerly.mobile.data.dto.AcceptOrderRequestJsonAdapter
com.neerly.mobile.data.dto.VendorHolidayRowJsonAdapter
com.neerly.mobile.data.dto.VendorHolidayRow
com.neerly.mobile.data.dto.QuotePromoRequestJsonAdapter
com.neerly.mobile.data.dto.CapturePaymentRequest
com.neerly.mobile.data.dto.PauseSubscriptionRequest
com.neerly.mobile.data.dto.EndShiftRequestJsonAdapter
com.neerly.mobile.data.dto.TogglePauseRequestJsonAdapter
com.neerly.mobile.data.dto.WalletResponseJsonAdapter
com.neerly.mobile.data.dto.GpsPingRequest
com.neerly.mobile.data.dto.VendorProductRow
com.neerly.mobile.data.dto.InitiatePaymentRequest
com.neerly.mobile.data.dto.VendorRatingSummary
com.neerly.mobile.data.dto.NotificationPrefDto
com.neerly.mobile.data.dto.NotificationPrefDtoJsonAdapter
com.neerly.mobile.data.dto.RefreshRequestJsonAdapter
com.neerly.mobile.data.dto.ReturnRequest
com.neerly.mobile.data.dto.CreateReviewRequestJsonAdapter
com.neerly.mobile.data.dto.VendorProductRowJsonAdapter
com.neerly.mobile.data.dto.VendorCardResponseJsonAdapter
com.neerly.mobile.data.dto.VendorTodaySummary
com.neerly.mobile.data.dto.InitiatePaymentRequestJsonAdapter
com.neerly.mobile.data.dto.DispatchOrderRequestJsonAdapter
com.neerly.mobile.data.dto.UpdateProfileRequestJsonAdapter
com.neerly.mobile.data.dto.ReviewResponse
com.neerly.mobile.data.dto.PresignRequest
com.neerly.mobile.data.dto.VendorTeamMember
com.neerly.mobile.data.dto.GpsPoint
com.neerly.mobile.data.dto.WalletTopupRequestJsonAdapter
com.neerly.mobile.data.dto.PromoQuoteResponse
com.neerly.mobile.data.dto.SwitchRoleResponse
com.neerly.mobile.data.dto.EventItemInputJsonAdapter
com.neerly.mobile.data.dto.CreateAddressRequest
com.neerly.mobile.data.dto.PresignResponseJsonAdapter
com.neerly.mobile.data.dto.RegisterDeviceRequestJsonAdapter
com.neerly.mobile.data.dto.SwitchRoleRequest
...
com.google.android.gms.internal.fido.zzh: com.google.android.gms.internal.fido.zzdp zzA
com.google.android.play.core.integrity.n: com.google.android.play.core.integrity.o a
com.razorpay.AnalyticsEvent: com.razorpay.AnalyticsEvent OPN_SDK_HIDDEN
com.google.android.gms.internal.auth.zzes: com.google.android.gms.internal.auth.zzes zza
com.google.android.gms.internal.firebase-auth-api.zzry: int zzf
com.google.android.gms.internal.wallet.zzq: android.widget.RemoteViews zzc
com.razorpay.AnalyticsUtil: java.lang.String FRAMEWORK
com.google.android.gms.internal.firebase-auth-api.zzamd: int zza
com.google.android.gms.internal.firebase-auth-api.zzsw: com.google.android.gms.internal.firebase-auth-api.zzaip zzf
com.razorpay.PayloadHelper: java.lang.String name
com.google.android.gms.internal.firebase-auth-api.zzet: com.google.android.gms.internal.firebase-auth-api.zzon zzb
com.google.android.gms.internal.fido.zzt: android.app.PendingIntent zza
com.google.android.gms.internal.auth.zzhq: int[] zza
com.google.android.recaptcha.internal.zznz: com.google.android.recaptcha.internal.zznz zze
com.google.android.recaptcha.internal.zziz: int zzg
com.google.android.gms.internal.firebase-auth-api.zzabf: com.google.android.gms.internal.firebase-auth-api.zzzk zzc
com.google.android.recaptcha.internal.zzkj: com.google.android.recaptcha.internal.zzkj zzR
com.razorpay.Lumberjack: boolean __Il11I1l
com.razorpay.R$drawable: int ic_call_answer_video_low
com.google.android.play.core.integrity.ai: com.google.android.play.core.integrity.aj a
com.razorpay.AnalyticsConstants: java.lang.String SHOW_WEBVIEW
com.razorpay.AnalyticsEvent: com.razorpay.AnalyticsEvent MAGIC_PAYMENT_FLOW_END
com.google.android.gms.internal.auth-api.zbah: com.google.android.gms.internal.auth-api.zbaq zba
com.google.android.gms.common.api.GoogleApi: com.google.android.gms.common.api.internal.StatusExceptionMapper zaj
com.google.android.gms.internal.firebase-auth-api.zzzq: com.google.android.gms.internal.firebase-auth-api.zzaem zza
com.razorpay.AnalyticsConstants: java.lang.String NOW_DENIED
com.google.android.recaptcha.internal.zzev: com.google.android.recaptcha.internal.zzev zza
com.razorpay.$0o__: java.lang.String USER_EMAIL
com.google.android.gms.internal.firebase-auth-api.zzyd: com.google.android.gms.internal.firebase-auth-api.zzyd zza
com.google.android.play.core.integrity.bj: com.google.android.play.core.integrity.bk a
com.razorpay.CircularProgressView$8: com.razorpay.CircularProgressView this$0
com.google.android.gms.internal.firebase-auth-api.zzahg: java.lang.String zzb
com.google.android.recaptcha.internal.zzoy: com.google.android.recaptcha.internal.zzmz zzh
com.razorpay.AnalyticsEvent: com.razorpay.AnalyticsEvent CHECKOUT_PACKAGE_NAME_FUNC_USED
com.google.android.gms.internal.firebase-auth-api.zzzz: com.google.android.gms.internal.firebase-auth-api.zzade zza
com.google.crypto.tink.proto.AesCmacKey: com.google.crypto.tink.proto.AesCmacKey DEFAULT_INSTANCE
com.razorpay.AnalyticsConstants: java.lang.String EVENTS
com.google.android.gms.internal.fido.zzh: com.google.android.gms.internal.fido.zzdp zzf
com.google.android.recaptcha.internal.zzov: com.google.android.recaptcha.internal.zzom zzj
com.razorpay.BaseConfig: java.lang.String _1__
com.google.android.gms.internal.maps.zzbu: com.google.android.gms.internal.maps.zzbu zza
com.google.android.gms.internal.firebase-auth-api.zzwa: com.google.android.gms.internal.firebase-auth-api.zzalp zzd
com.razorpay._$o0O$_$O: com.razorpay.RzpInternalCallback rzpInternalCallback
com.google.android.gms.internal.firebase-auth-api.zzae: java.lang.CharSequence zza
com.google.android.gms.internal.firebase-auth-api.zzabn: java.lang.String zzw
com.razorpay.Lumberjack: float $l_I$1
com.google.android.recaptcha.internal.zzjc: com.google.android.recaptcha.internal.zzjb zza
com.razorpay.CheckoutUtils$3: com.razorpay.CheckoutUtils$BackButtonDialogCallback val$backButtonDialogCallback